15:54:51 [main] ERROR lab02.Lab02 - Bai tap Lab02
15:54:51 [main] INFO  lab02.Lab02 - Bai tap Lab02 12222
16:01:27 [AWT-EventQueue-0] INFO  lab02.Lab02 - nhap vao 1
16:01:29 [AWT-EventQueue-0] INFO  lab02.Lab02 - Cong
16:01:30 [AWT-EventQueue-0] INFO  lab02.Lab02 - nhap vao 2
16:01:32 [AWT-EventQueue-0] INFO  lab02.Lab02 - Thuc hien phep tinh cong
16:01:35 [AWT-EventQueue-0] INFO  lab02.Lab02 - Tru
16:01:37 [AWT-EventQueue-0] INFO  lab02.Lab02 - nhap vao 1
16:01:37 [AWT-EventQueue-0] INFO  lab02.Lab02 - Thuc hien phep tinh tru
16:01:39 [AWT-EventQueue-0] INFO  lab02.Lab02 - Nhan
16:01:39 [AWT-EventQueue-0] INFO  lab02.Lab02 - nhap vao 6
16:01:40 [AWT-EventQueue-0] INFO  lab02.Lab02 - Thuc hien phep tinh nha
16:01:41 [AWT-EventQueue-0] INFO  lab02.Lab02 - Chia
16:01:42 [AWT-EventQueue-0] INFO  lab02.Lab02 - nhap vao 3
16:01:42 [AWT-EventQueue-0] INFO  lab02.Lab02 - Thuc hien phep tinh chia
08:59:04 [AWT-EventQueue-0] INFO  lab02.Lab02 - nhap vao 7
08:59:08 [AWT-EventQueue-0] INFO  lab02.Lab02 - Cong
08:59:10 [AWT-EventQueue-0] INFO  lab02.Lab02 - nhap vao 2
08:59:10 [AWT-EventQueue-0] INFO  lab02.Lab02 - Thuc hien phep tinh cong
08:59:15 [AWT-EventQueue-0] INFO  lab02.Lab02 - Thuc hien phep tinh cong
08:59:16 [AWT-EventQueue-0] INFO  lab02.Lab02 - Thuc hien phep tinh cong
08:59:16 [AWT-EventQueue-0] INFO  lab02.Lab02 - Thuc hien phep tinh cong
08:59:16 [AWT-EventQueue-0] INFO  lab02.Lab02 - Thuc hien phep tinh cong
08:59:16 [AWT-EventQueue-0] INFO  lab02.Lab02 - Thuc hien phep tinh cong
08:59:16 [AWT-EventQueue-0] INFO  lab02.Lab02 - Thuc hien phep tinh cong
08:59:16 [AWT-EventQueue-0] INFO  lab02.Lab02 - Thuc hien phep tinh cong
08:59:17 [AWT-EventQueue-0] INFO  lab02.Lab02 - Thuc hien phep tinh cong
08:59:17 [AWT-EventQueue-0] INFO  lab02.Lab02 - Thuc hien phep tinh cong
